<?xml version="1.0" encoding="UTF-8"?>
<!-- Generated by org.testng.reporters.JUnitReportReporter -->
<testsuite hostname="Prasannakumar" failures="0" tests="1" name="Test.ProductsTestPage" time="7.071" errors="0" timestamp="2023-11-22T13:15:39 IST" skipped="0">
  <testcase classname="Test.ProductsTestPage" name="ValidateSearchFunction" time="7.071"/>
  <system-out/>
</testsuite> <!-- Test.ProductsTestPage -->
